


              0x150c0000
                1

              0x200c0000
                1

              0x510c0000
                1

              0x33100000
                1

              0xb8180000
                1

              0xca180000
                1

              0x541c0000
                1

              0x36200000
                1

              0xe240000
                1

              0xf8240000
                1

              0x572c0000
                1

              0x39300000
                1

              0x143c0000
                1

              0x933c0000
                1

              0x34480000
                1

              0xd0480000
                1

              0x52500000
                1

              0x13540000
                1

              0x11640000
                1

              0x33640000
                1

              0x38680000
                1

              0x326c0000
                1

              0x22780000
                1

              0xc07c0000
                1

              0x800000
                1

              0x1e840000
                1

              0x7d840000
                1

              0x56880000
                1

              0x388c0000
                1

              0xa38c0000
                1

              0x34900000
                1

              0x34980000
                1

              0xe4980000
                1

              0x579c0000
                1

              0xd69c0000
                1

              0x46a00000
                1

              0x3a80000
                1

              0x37a80000
                1

              0x7aa80000
                1

              0xffac0000
                1

              0x5b00000
                1

              0x45b00000
                1

              0x27b40000
                1

              0xbdb40000
                1

              0xa2b80000
                1

              0x41bc0000
                1

              0x2ac40000
                1

              0x5bc40000
                1

              0x72d00000
                1

              0xad40000
                1

              0xed40000
                1

              0xe1dc0000
                1

              0x4ee00000
                1

              0x7be40000
                1

              0x9f00000
                1

              0x20f00000
                1

              0x68f00000
                1

              0x7df00000
                1

              0xfff00000
                1

              0x55f80000
                1

              0x4dfc0000
                1

              0x200
                1

              0x400
                1

              0x500
                1

              0x1000
                1

              0x11300
                1

              0x2300
                1

              0x839c3000
                1

              0x839d3000
                1

              0x13400
                1

              0x5b4000
                1

              0xe18c5600
                1

              0x5a00
                1

              0x7fa76400
                1

              0x1dc87900
                1

              0x238100
                1

              0x8c00
                1

              0xbd14aa00
                1

              0x7e71b000
                1

              0x8216de00
                1

              0x7e81e000
                1

              0x7b0e800
                1

              0x101
                1

              0x28551601
                1

              0xb1421a01
                1

              0xa32c4301
                1

              0x402
                1

              0x502
                1

              0x226a5002
                1

              0x904
                1

              0x3004
                1

              0xa5404
                1

              0x7
                1

              0x2807
                1

              0x8
                1

              0x776c0108
                1

              0x11d08
                1

              0x2708
                1

              0x3308
                1

              0x3e08
                1

              0x9308
                1

              0x9808
                1

              0x8bc208
                1

              0xae0ec308
                1

              0xe408
                1

              0xfc08
                1

              0x890f1609
                1

              0x61732809
                1

              0x6be64c09
                1

              0x185ac09
                1

              0x45e5c709
                1

              0xa
                1

              0xb
                1

              0xf0b
                1

              0xc
                1

              0x7f10000c
                1

              0xa7b0f
                1

              0x80310
                1

              0x8b0410
                1

              0x710
                1

              0x7ff04b10
                1

              0x4f10
                1

              0x5810
                1

              0x9010
                1

              0x3a9a10
                1

              0xa010
                1

              0xbe10
                1

              0x58363311
                1

              0x1ef28f11
                1

              0x57aaa511
                1

              0x840be111
                1

              0x114
                1

              0xcc541118
                1

              0x9ce33e18
                1

              0x14318
                1

              0x4c18
                1

              0x3dec5518
                1

              0x6a18
                1

              0x57bd6c18
                1

              0x8b8118
                1

              0xbc18
                1

              0x9310c418
                1

              0x36bafb18
                1

              0x55001119
                1

              0x231c1119
                1

              0x541c1119
                1

              0x102c1119
                1

              0x572c1119
                1

              0x3401119
                1

              0x25c1119
                1

              0x136c1119
                1

              0x41801119
                1

              0xc841119
                1

              0xbe901119
                1

              0x34981119
                1

              0x129c1119
                1

              0x14a41119
                1

              0x37a81119
                1

              0x1cb01119
                1

              0x41bc1119
                1

              0x5bc41119
                1

              0x3dc81119
                1

              0x1de01119
                1

              0x4ee01119
                1

              0x10fc1119
                1

              0x11d
                1

              0x320
                1

              0x570c20
                1

              0x23461120
                1

              0xb04e1120
                1

              0x2620
                1

              0x3a20
                1

              0x4420
                1

              0x14720
                1

              0x78178a20
                1

              0x2f9dbc20
                1

              0xcc20
                1

              0x47cc20
                1

              0x35e2dd20
                1

              0x7e83ed20
                1

              0xa3711521
                1

              0x35fa521
                1

              0x2856af21
                1

              0x227
                1

              0x28
                1

              0xea0028
                1

              0x12428
                1

              0x3228
                1

              0x4628
                1

              0x5b28
                1

              0x7d28
                1

              0x8728
                1

              0xc428
                1

              0x7e83ed28
                1

              0x1e650029
                1

              0x1e665f29
                1

              0xd5a06e29
                1

              0xec9d8629
                1

              0xcc76d429
                1

              0x8694d929
                1

              0x3989ef29
                1

              0x130
                1

              0x1630
                1

              0x1b30
                1

              0x3430
                1

              0x23cc4730
                1

              0x14f30
                1

              0x1d8e5530
                1

              0x9230
                1

              0x890b1031
                1

              0x58351331
                1

              0xf0bd3031
                1

              0x91b9ca31
                1

              0xc6dfdf31
                1

              0x50f331
                1

              0x5ec6ff31
                1

              0x1334
                1

              0x39dacf36
                1

              0xe38
                1

              0xbc421938
                1

              0x2c38
                1

              0x13238
                1

              0x5438
                1

              0x5938
                1

              0xbb815938
                1

              0x5dad6838
                1

              0x6e38
                1

              0x2b299c38
                1

              0xbd14aa38
                1

              0x7e83ef38
                1

              0xfa38
                1

              0xf0be5c39
                1

              0xfa3c739
                1

              0xdf77f939
                1

              0x13a
                1

              0x11169d3a
                1

              0x33b
                1

              0xba58113b
                1

              0x1f40
                1

              0x17b40
                1

              0x8b8140
                1

              0xf2df8740
                1

              0x4f4a8e40
                1

              0x49249240
                1

              0x9840
                1

              0x5e559a40
                1

              0xa040
                1

              0x7e83ed40
                1

              0xfd40
                1

              0x5c56841
                1

              0xe8bca441
                1

              0x3990048
                1

              0x2148
                1

              0x4e48
                1

              0x15848
                1

              0x7df16448
                1

              0x7b48
                1

              0xa448
                1

              0xe048
                1

              0x29210c49
                1

              0xd5a01349
                1

              0x58373b49
                1

              0xc22f4f49
                1

              0x76097949
                1

              0x8e218449
                1

              0x449c449
                1

              0x286d249
                1

              0x50
                1

              0x10250
                1

              0x3950
                1

              0x15350
                1

              0x5a50
                1

              0x7df16150
                1

              0xbd14ab50
                1

              0x3decc550
                1

              0x51
                1

              0x79f56651
                1

              0x10349c51
                1

              0xb120ba51
                1

              0x5719d651
                1

              0xbd14a857
                1

              0xb3530158
                1

              0x9858
                1

              0x114aa758
                1

              0xb158
                1

              0xe84e0e59
                1

              0xaa101c59
                1

              0xcc775a59
                1

              0x5ec77359
                1

              0xb7d3c659
                1

              0x1ecec59
                1

              0x1ecec5b
                1

              0xa5a5c
                1

              0x3560
                1

              0x3b60
                1

              0x4a60
                1

              0x16160
                1

              0x6360
                1

              0x6d60
                1

              0x7260
                1

              0xbd14a060
                1

              0xbd14ab60
                1

              0x7e81e060
                1

              0xbf42ec60
                1

              0x93a90f61
                1

              0x18f48f61
                1

              0xa6059361
                1

              0x668
                1

              0xb68
                1

              0x1068
                1

              0x1168
                1

              0x11a68
                1

              0x19fe2368
                1

              0x6a68
                1

              0x7fbe7a68
                1

              0x7f68
                1

              0x8368
                1

              0xa268
                1

              0xd5a01769
                1

              0xd04a3969
                1

              0xece07169
                1

              0x5b2ba769
                1

              0x36e
                1

              0x3170
                1

              0xf423c70
                1

              0x5370
                1

              0x26145b70
                1

              0x3d216270
                1

              0x16f70
                1

              0x877b70
                1

              0x14b8d70
                1

              0xb870
                1

              0x1efcba70
                1

              0xf470
                1

              0x871
                1

              0xfb0b0f71
                1

              0x44b4b71
                1

              0x57198f71
                1

              0x4678
                1

              0xae0c6278
                1

              0x6478
                1

              0x8778
                1

              0xbf78
                1

              0x10d8c378
                1

              0x7e83ee78
                1

              0xb57b4e79
                1

              0xaf0a5179
                1

              0x58d5679
                1

              0x24fe8779
                1

              0x24e58c79
                1

              0xbb88f379
                1

              0xa637d
                1

              0x7e
                1

              0x1580
                1

              0x6ca91d80
                1

              0x2380
                1

              0x2580
                1

              0x2c80
                1

              0x1ffe2f80
                1

              0x3780
                1

              0x4380
                1

              0x4880
                1

              0x5c80
                1

              0xa7580
                1

              0x62b8c080
                1

              0x64a71c81
                1

              0x1b8e2381
                1

              0x81524881
                1

              0x1284
                1

              0xb075c384
                1

              0x11588
                1

              0x4f88
                1

              0x16688
                1

              0xf1b17788
                1

              0x3483a288
                1

              0x7e83ec88
                1

              0xbce05989
                1

              0x1e676789
                1

              0x38e
                1

              0x7f100090
                1

              0x790
                1

              0x1a90
                1

              0x12e90
                1

              0x13a90
                1

              0x1e875390
                1

              0x8b8190
                1

              0xbd14ab90
                1

              0x2b07b190
                1

              0xc890
                1

              0xfd330691
                1

              0xbe7d3f91
                1

              0xe60b6491
                1

              0x77308b91
                1

              0x69caab91
                1

              0x6c3ab091
                1

              0xa5f9cd91
                1

              0x492
                1

              0x5898
                1

              0x14b6b98
                1

              0x7998
                1

              0x8a98
                1

              0x14b8d98
                1

              0xcf98
                1

              0x5b281899
                1

              0xc9381899
                1

              0x5e392599
                1

              0xb4ae2899
                1

              0xdf779c99
                1

              0x69d
                1

              0x579f
                1

              0x8a00a0
                1

              0x19a0
                1

              0x552da0
                1

              0x31a0
                1

              0x41a0
                1

              0x145a0
                1

              0x46a0
                1

              0x73a0
                1

              0xbd1491a0
                1

              0x264029a1
                1

              0x5db459a1
                1

              0x7d8781a1
                1

              0x12d58aa1
                1

              0xca58e0a1
                1

              0x101a8
                1

              0x2a8
                1

              0x8da8
                1

              0x7e83eca8
                1

              0x6a9ff5a8
                1

              0xf8a8
                1

              0x9dde31a9
                1

              0x5ec732a9
                1

              0x6c4ac1a9
                1

              0xa70ab
                1

              0xad
                1

              0xeaf
                1

              0x105b0
                1

              0x13b0
                1

              0x36b0
                1

              0x4ab0
                1

              0x159b0
                1

              0x5db0
                1

              0x86b0
                1

              0xbd1493b0
                1

              0x38838db1
                1

              0x4fccb4b1
                1

              0x124dcfb1
                1

              0x5a8ed3b1
                1

              0x1e65e3b1
                1

              0xbd14a8b7
                1

              0xbd14acb7
                1

              0x1ab8
                1

              0x7df15eb8
                1

              0xb57a75b8
                1

              0x79b8
                1

              0x5d629bb8
                1

              0xe52cb4b8
                1

              0x839655b9
                1

              0x7b58f8b9
                1

              0x8c0
                1

              0xf85b1cc0
                1

              0x26c0
                1

              0x3ac0
                1

              0x40c0
                1

              0x143c0
                1

              0x44c0
                1

              0x62c0
                1

              0x67c0
                1

              0x83c0
                1

              0x99c0
                1

              0x1e85a3c0
                1

              0x8dcdc0
                1

              0x7e83eec0
                1

              0xeebf38c1
                1

              0x258450c1
                1

              0x7d875cc1
                1

              0x5ec774c1
                1

              0x27337dc1
                1

              0xd6fda6c1
                1

              0xd716b9c1
                1

              0xeb2fdfc1
                1

              0x15c8
                1

              0x64c8
                1

              0x5d4089c8
                1

              0x8ac0c8
                1

              0xd8c8
                1

              0xe4e5e0c8
                1

              0x19372ec9
                1

              0x1e6769c9
                1

              0x3aa980c9
                1

              0xc37fdfc9
                1

              0x57aaf2c9
                1

              0x6d08fec9
                1

              0x5ca
                1

              0x1e64fccb
                1

              0x7d0
                1

              0xcd0
                1

              0x16d0
                1

              0x20d0
                1

              0x43d0
                1

              0x4e85ad0
                1

              0x84d0
                1

              0x9311b5d0
                1

              0x161445d1
                1

              0x40a950d1
                1

              0xee916bd1
                1

              0x460996d1
                1

              0x2641a7d1
                1

              0x4c3cadd1
                1

              0x792bafd1
                1

              0x1e67e5d1
                1

              0xa4bd5
                1

              0x4d8
                1

              0x18d8
                1

              0x53d8
                1

              0xb9d8
                1

              0xcdd8
                1

              0x80491bd9
                1

              0xc8d456d9
                1

              0xfd049dd9
                1

              0x7d87d2d9
                1

              0x1dd
                1

              0xfe0
                1

              0x12e0
                1

              0x24e0
                1

              0x85f52ee0
                1

              0x132e0
                1

              0x42e0
                1

              0x14ae0
                1

              0x784951e0
                1

              0x62d853e0
                1

              0x159e0
                1

              0x60e0
                1

              0x74e0
                1

              0x17ae0
                1

              0x660992e0
                1

              0x13a1e0
                1

              0xac7e0
                1

              0xdee0
                1

              0xe7e0
                1

              0xa7d3ffe0
                1

              0x19eb06e1
                1

              0xecf10fe1
                1

              0x154216e1
                1

              0xd5a018e1
                1

              0xde2a5fe1
                1

              0x124e94e1
                1

              0x5d16b7e1
                1

              0x236fbae1
                1

              0xf90d4e1
                1

              0x10ce8
                1

              0x3ae8
                1

              0x53e8
                1

              0x15ae8
                1

              0x6ee8
                1

              0xea7aae8
                1

              0xbd14ace8
                1

              0x7f7049e9
                1

              0x7e196ae9
                1

              0xba5a79e9
                1

              0xf7ce86e9
                1

              0x8054d9e9
                1

              0xd8a4dfe9
                1

              0xf0
                1

              0x1bf0
                1

              0x28f0
                1

              0x3cf0
                1

              0x55f0
                1

              0x7df15ff0
                1

              0x8b80f0
                1

              0x9bf0
                1

              0x2c75a2f0
                1

              0xbd14a7f0
                1

              0xbf66a7f0
                1

              0xbd14aaf0
                1

              0xe5afc5f0
                1

              0x5aedcbf0
                1

              0xecf0
                1

              0x1c3ecf0
                1

              0x7c6c24f1
                1

              0x53d232f1
                1

              0x87804ff1
                1

              0xc9145ef1
                1

              0x890cb4f1
                1

              0x19dec3f1
                1

              0xf92d0f1
                1

              0x5b78f6f1
                1

              0xf8
                1

              0x2f8
                1

              0x42161af8
                1

              0x3ef8
                1

              0x42f8
                1

              0x5df8
                1

              0xbe6c97f8
                1

              0x98f8
                1

              0x2d62b0f8
                1

              0xd8f8
                1

              0xe90ecf8
                1

              0xf9f8
                1

              0x40015f9
                1

              0x8d5c17f9
                1

              0x1d1b26f9
                1

              0x263c28f9
                1

              0x7ec437f9
                1

              0x8c30faf9
                1

              0xcb36fbf9
                1

              0xff
                1

              0xa8007ff
                1

              0xfff
                1

              0xe7140000
                1

              0x6a2c0000
                1

              0x5a420000
                1

              0x5d500000
                1

              0xe2680000
                1

              0x35f80000
                1

              0x1000
                1

              0x3104a00
                1

              0xb6047700
                1

              0x9e00
                1

              0xec1ac00
                1

              0x5fc9ca00
                1

              0x5b94f600
                1

              0x27c07a01
                1

              0xb610c101
                1

              0x6c7ac201
                1

              0x3
                1

              0x804
                1

              0x6
                1

              0x1f08
                1

              0xb608
                1

              0x1c5c1309
                1

              0xd
                1

              0xf410
                1

              0x6b6e4511
                1

              0xbb3c4711
                1

              0x61b25b11
                1

              0xc6b77311
                1

              0x28657f11
                1

              0x12
                1

              0xa81514
                1

              0x16
                1

              0xd18
                1

              0xe7141119
                1

              0xf94c1119
                1

              0x2d941119
                1

              0xf1051a19
                1

              0x6afe2f19
                1

              0x1d
                1

              0x20
                1

              0x1020
                1

              0xb6047720
                1

              0x9120
                1

              0x24
                1

              0x1ba8925
                1

              0x28
                1

              0x6a9a6b28
                1

              0xc6b64d29
                1

              0xf9d88229
                1

              0x89238a29
                1

              0x30
                1

              0xaa20c530
                1

              0xd0bd3f31
                1

              0x6a996631
                1

              0xe238
                1

              0x139
                1

              0xeff64b39
                1

              0x83ab5e39
                1

              0x3e
                1

              0x3105c40
                1

              0x3135f40
                1

              0xb6047e40
                1

              0x739040
                1

              0xf48
                1

              0x8920be48
                1

              0xf9a5c348
                1

              0x92c39349
                1

              0xe272b049
                1

              0x7841c449
                1

              0xd74bc849
                1

              0x4bc2cb49
                1

              0xf2afe649
                1

              0xb6047850
                1

              0x11a37c50
                1

              0xa16f450
                1

              0x67753351
                1

              0xbb3fb651
                1

              0x5d045658
                1

              0xdb21959
                1

              0x86754159
                1

              0x48f08959
                1

              0x60
                1

              0xe868
                1

              0x11a36c70
                1

              0xd748dc71
                1

              0x1942ee71
                1

              0x4880
                1

              0x3105980
                1

              0x3139f80
                1

              0x109c4081
                1

              0x2309d981
                1

              0x1188
                1

              0x62e42489
                1

              0xc6b5c089
                1

              0x3e15ff89
                1

              0x8a
                1

              0x4690
                1

              0xc890
                1

              0x866df390
                1

              0x9c98
                1

              0x53675199
                1

              0xdb27799
                1

              0x1cf02ca1
                1

              0x5367b2a1
                1

              0xbad8dba1
                1

              0x43a8
                1

              0xa46a07a9
                1

              0xb9d109a9
                1

              0xbb3e0eb1
                1

              0x7aceb6b1
                1

              0xb4
                1

              0xb60475b7
                1

              0x4bb8
                1

              0x536752b9
                1

              0x3ee71b9
                1

              0xffe000c0
                1

              0x14c0
                1

              0x35c0
                1

              0x31455c0
                1

              0x1223adc0
                1

              0x310aec0
                1

              0x1c5c12c1
                1

              0xc4
                1

              0x5a994dc8
                1

              0xb9d0aec9
                1

              0xe361dbc9
                1

              0xcc
                1

              0xce
                1

              0x27c03dd1
                1

              0x27c04bd8
                1

              0xb60475d8
                1

              0x28fd8
                1

              0x783d0ed9
                1

              0x45f74ed9
                1

              0xb9d182d9
                1

              0x964bdbd9
                1

              0x369b39e1
                1

              0x4c365ee1
                1

              0x68b1a4e1
                1

              0x5a013ee8
                1

              0xbad985e9
                1

              0xee
                1

              0x70f0
                1

              0x5fc47bf0
                1

              0x892195f0
                1

              0x215ba8f1
                1

              0xa84ec1f1
                1

              0x27c04ef9
                1

              0x10000
                2

              0x5b200000
                2

              0x2b680000
                2

              0x52940000
                2

              0x18b40000
                2

              0x7f302000
                2

              0x7f10a300
                2

              0x7b0d400
                2

              0x7f2be000
                2

              0xd5a01709
                2

              0x13
                2

              0x30001119
                2

              0x200c1119
                2

              0x510c1119
                2

              0x5a3c1119
                2

              0x25481119
                2

              0x46541119
                2

              0x28581119
                2

              0x49641119
                2

              0x2b681119
                2

              0x4c741119
                2

              0x1e841119
                2

              0x4f841119
                2

              0x31881119
                2

              0x55a41119
                2

              0x26d01119
                2

              0x40d81119
                2

              0x6e01119
                2

              0x29e01119
                2

              0x2cf01119
                2

              0xfff01119
                2

              0x1cfc1119
                2

              0x4dfc1119
                2

              0x7828
                2

              0x230
                2

              0x6338
                2

              0x40
                2

              0x34e7ab51
                2

              0x8bc258
                2

              0x7e83ee58
                2

              0x60
                2

              0xbd14ae60
                2

              0x7e83ec60
                2

              0x14b6b70
                2

              0xdc1ac70
                2

              0xbd14a778
                2

              0x14a0280
                2

              0x14bc280
                2

              0x8bc280
                2

              0x86
                2

              0xbd14aa98
                2

              0x5ec7b2a1
                2

              0x7a8
                2

              0x8b41b8
                2

              0x42b8
                2

              0x2874cd1
                2

              0x7f0040d8
                2

              0x54d8
                2

              0x6ce8
                2

              0x80491fe9
                2

              0x8b40f0
                2

              0x7df0
                2

              0x17ec4ef9
                2

              0x5a2b2000
                2

              0x5a80b000
                2

              0x6a2c1119
                2

              0xc6b50221
                2

              0xb6047430
                2

              0x5a82bc40
                2

              0x1223ac50
                2

              0x1c5c1769
                2

              0x11233c70
                2

              0x12239c70
                2

              0xb6047890
                2

              0x3ddd30c9
                2

              0x27c0e1c9
                2

              0x13a1e0
                2

              0x5a82dbf0
                2

              0x1c5c59f1
                2

              0x100
                3

              0x3
                3

              0x7e83ef08
                3

              0x10
                3

              0x14
                3

              0x39301119
                3

              0x3c401119
                3

              0x43441119
                3

              0x21941119
                3

              0x52941119
                3

              0x58b41119
                3

              0x3ab81119
                3

              0xd41119
                3

              0x47dc1119
                3

              0x9f01119
                3

              0x1d
                3

              0x20
                3

              0x60498721
                3

              0xd5a02429
                3

              0x8bc230
                3

              0x8b4140
                3

              0x7df16350
                3

              0x286cca1
                3

              0xd5a023e1
                3

              0xffffffff
                3

              0xf94c0000
                3

              0xce980000
                3

              0x10
                3

              0xe2733c41
                3

              0x10a31c50
                3

              0x684
                3

              0x5367b5b9
                3

              0x5a10b3d8
                3

              0x9
                4

              0x11
                4

              0x3f501119
                4

              0x2e781119
                4

              0x44cc1119
                4

              0x2b
                4

              0x5f
                4

              0x17ec2679
                4

              0x5ec53089
                4

              0x7e83ee98
                4

              0x7b0ca00
                5

              0x4
                5

              0x17ee4111
                5

              0x421
                5

              0xbd14ab58
                5

              0xbd14aa60
                5

              0x2
                5

              0x6
                6

              0xbd14a820
                6

              0xbd14a8a0
                6

              0xbd14a9a0
                6

              0xc6b63109
                7

              0x1ed5699
                8

              0xf84
                8

              0x1184
                8

              0xec21c50
                9

              0x80
                9

              0x5a100000
                9

              0xd5a015c9
               11

              0x7e1b3ee9
               11

              0xd5a01309
               12

              0xbd14ab01
               13

              0x7e83ec58
               13

              0xd5a01409
               14

              0x21
               14

              0xbd14aa58
               14

              0xf424c50
               15

              0xd5a01669
               15

              0xd5a01598
               15

              0xdc1bc50
               17

              0x684
               18

              0x884
               18

              0x2de2ac0
               18

              0xe41ec50
               19

              0x12
               20

              0xbd14ab98
               20

              0x225c740
               22

               23

              0xd5a059f1
               24

              0x7f2b2000
               26

              0xbd14aaa0
               26

              0x1
               27

              0xbd14aa01
               30

              0x7f100000
               34

              0x5
               34

              0x2
               36

              0x7df16428
               44

              0x5ec73579
               57

              0x5ec77c11
               60

              0x17ece1c9
               62

              0x1
               84

              0x1e645331
              195

              405
